C:\Users\suris\OneDrive\Documents\Drawing4.dwg,Model,3/2/2025 6:26:26 PM,suris,DWG To PDF.pc3,ISO A4 (210.00 x 297.00 MM),1:1.18056,
C:\Users\suris\OneDrive\Documents\Drawing5.dwg,Model,3/2/2025 7:03:58 PM,suris,DWG To PDF.pc3,ISO A4 (210.00 x 297.00 MM),1:1.12495,
C:\Users\suris\OneDrive\Documents\Drawing6.dwg,Model,3/2/2025 7:45:19 PM,suris,DWG To PDF.pc3,ISO A4 (210.00 x 297.00 MM),1:0.819627,
C:\Users\suris\OneDrive\Documents\Drawing7.dwg,Model,3/2/2025 8:22:10 PM,suris,DWG To PDF.pc3,ISO A4 (210.00 x 297.00 MM),1:0.929114,
C:\Users\suris\OneDrive\Documents\Drawing8.dwg,Model,3/2/2025 9:15:06 PM,suris,DWG To PDF.pc3,ISO A4 (210.00 x 297.00 MM),1:0.900823,
C:\Users\suris\OneDrive\Documents\Drawing11.dwg,Model,3/2/2025 9:22:23 PM,suris,DWG To PDF.pc3,ISO A4 (210.00 x 297.00 MM),1:1.10593,
C:\Users\suris\OneDrive\Documents\Drawing8.dwg,Model,3/2/2025 9:27:40 PM,suris,DWG To PDF.pc3,ISO A4 (210.00 x 297.00 MM),1:0.916926,
C:\Users\suris\OneDrive\Documents\Drawing11.dwg,Model,3/9/2025 8:37:08 PM,suris,DWG To PDF.pc3,ISO A4 (210.00 x 297.00 MM),1:1.10824,
C:\Users\suris\OneDrive\Documents\Drawing11.dwg,Model,3/9/2025 8:38:21 PM,suris,DWG To PDF.pc3,ISO A4 (210.00 x 297.00 MM),1:1.07031,
C:\Users\suris\OneDrive\Documents\Drawing11.dwg,Model,3/9/2025 8:41:15 PM,suris,DWG To PDF.pc3,ISO A4 (210.00 x 297.00 MM),1:0.682944,
C:\Users\suris\OneDrive\Documents\Drawing11.dwg,Model,3/9/2025 8:42:45 PM,suris,DWG To PDF.pc3,ISO A4 (210.00 x 297.00 MM),1:0.656303,
C:\Users\suris\OneDrive\Documents\Drawing11.dwg,Model,3/9/2025 8:44:39 PM,suris,DWG To PDF.pc3,ISO A4 (210.00 x 297.00 MM),1:0.889844,
C:\Users\suris\OneDrive\Documents\Drawing11.dwg,Model,3/9/2025 8:46:18 PM,suris,DWG To PDF.pc3,ISO A4 (210.00 x 297.00 MM),1:0.854148,
C:\Users\suris\OneDrive\Documents\Drawing11.dwg,Model,3/9/2025 8:47:41 PM,suris,DWG To PDF.pc3,ISO A4 (210.00 x 297.00 MM),1:0.94904,
C:\Users\suris\OneDrive\Documents\Drawing11.dwg,Model,3/9/2025 8:50:07 PM,suris,DWG To PDF.pc3,ISO A4 (210.00 x 297.00 MM),1:0.982859,
C:\Users\suris\OneDrive\Documents\Drawing11.dwg,Model,3/9/2025 8:55:19 PM,suris,DWG To PDF.pc3,ISO A4 (210.00 x 297.00 MM),1:1.15026,
C:\Users\suris\OneDrive\Documents\Drawing12.dwg,Model,3/16/2025 9:02:03 PM,suris,DWG To PDF.pc3,ISO A4 (210.00 x 297.00 MM),1:1.30792,
C:\Users\suris\OneDrive\Documents\Drawing12.dwg,Model,3/16/2025 9:04:00 PM,suris,DWG To PDF.pc3,ISO A4 (210.00 x 297.00 MM),1:1.2707,
C:\Users\suris\OneDrive\Documents\Drawing12.dwg,Model,3/16/2025 9:07:47 PM,suris,DWG To PDF.pc3,ISO A4 (210.00 x 297.00 MM),1:1.3266,
C:\Users\suris\OneDrive\Documents\Drawing12.dwg,Model,3/16/2025 9:08:48 PM,suris,DWG To PDF.pc3,ISO A4 (210.00 x 297.00 MM),1:1.31435,
C:\Users\suris\OneDrive\Documents\Drawing12.dwg,Model,3/16/2025 9:09:54 PM,suris,DWG To PDF.pc3,ISO A4 (210.00 x 297.00 MM),1:1.41195,
C:\Users\suris\OneDrive\Documents\Drawing12.dwg,Model,3/16/2025 9:12:00 PM,suris,DWG To PDF.pc3,ISO A4 (210.00 x 297.00 MM),1:1.28494,
C:\Users\suris\OneDrive\Documents\Drawing12.dwg,Model,3/16/2025 9:17:04 PM,suris,DWG To PDF.pc3,ISO A4 (210.00 x 297.00 MM),1:1.51533,
C:\Users\suris\OneDrive\Documents\Drawing12.dwg,Model,3/16/2025 9:21:10 PM,suris,DWG To PDF.pc3,ISO A4 (210.00 x 297.00 MM),1:2.17066,
C:\Users\suris\OneDrive\Documents\Drawing13.dwg,Model,3/23/2025 11:14:57 PM,suris,DWG To PDF.pc3,ISO A4 (210.00 x 297.00 MM),1:1.87662,
C:\Users\suris\OneDrive\Documents\Drawing13.dwg,Model,3/23/2025 11:16:29 PM,suris,DWG To PDF.pc3,ISO A4 (210.00 x 297.00 MM),1:1.43818,
C:\Users\suris\OneDrive\Documents\Drawing13.dwg,Model,3/23/2025 11:21:14 PM,suris,DWG To PDF.pc3,ISO A4 (210.00 x 297.00 MM),1:1.36276,
C:\Users\suris\OneDrive\Documents\Drawing13.dwg,Model,3/23/2025 11:24:18 PM,suris,DWG To PDF.pc3,ISO A4 (210.00 x 297.00 MM),1:2.01113,
C:\Users\suris\OneDrive\Documents\Drawing13.dwg,Model,3/23/2025 11:25:09 PM,suris,DWG To PDF.pc3,ISO A4 (210.00 x 297.00 MM),1:1.47753,
C:\Users\suris\OneDrive\Documents\Drawing13.dwg,Model,3/23/2025 11:26:34 PM,suris,DWG To PDF.pc3,ISO A4 (210.00 x 297.00 MM),1:1.1395,
C:\Users\suris\OneDrive\Documents\Drawing13.dwg,Model,3/23/2025 11:27:59 PM,suris,DWG To PDF.pc3,ISO A4 (210.00 x 297.00 MM),1:1.3708,
C:\Users\suris\OneDrive\Documents\Drawing13.dwg,Model,3/23/2025 11:31:48 PM,suris,DWG To PDF.pc3,ISO A4 (210.00 x 297.00 MM),1:1.61695,
C:\Users\suris\OneDrive\Documents\Drawing13.dwg,Model,3/23/2025 11:33:10 PM,suris,DWG To PDF.pc3,ISO A4 (210.00 x 297.00 MM),1:1.64239,
C:\Users\suris\OneDrive\Documents\Drawing14.dwg,Model,4/10/2025 11:32:08 PM,suris,DWG To PDF.pc3,ISO A4 (210.00 x 297.00 MM),1:1.01216,
C:\Users\suris\OneDrive\Documents\Drawing14.dwg,Model,4/10/2025 11:32:58 PM,suris,DWG To PDF.pc3,ISO A4 (210.00 x 297.00 MM),1:0.901018,
C:\Users\suris\OneDrive\Documents\Drawing14.dwg,Model,4/10/2025 11:33:27 PM,suris,DWG To PDF.pc3,ISO A4 (210.00 x 297.00 MM),1:0.948649,
C:\Users\suris\OneDrive\Documents\Drawing14.dwg,Model,4/10/2025 11:33:56 PM,suris,DWG To PDF.pc3,ISO A4 (210.00 x 297.00 MM),1:1.34596,
C:\Users\suris\OneDrive\Documents\Drawing14.dwg,Model,4/10/2025 11:34:25 PM,suris,DWG To PDF.pc3,ISO A4 (210.00 x 297.00 MM),1:1.72027,
C:\Users\suris\OneDrive\Documents\Drawing14.dwg,Model,4/16/2025 11:08:34 PM,suris,DWG To PDF.pc3,ISO A4 (210.00 x 297.00 MM),1:2.16217,
C:\Users\suris\OneDrive\Documents\Drawing14.dwg,Model,4/16/2025 11:09:21 PM,suris,DWG To PDF.pc3,ISO A4 (210.00 x 297.00 MM),1:0.814918,
C:\Users\suris\OneDrive\Documents\Drawing14.dwg,Model,4/16/2025 11:10:35 PM,suris,DWG To PDF.pc3,ISO A4 (210.00 x 297.00 MM),1:0.92673,
C:\Users\suris\OneDrive\Documents\Drawing14.dwg,Model,4/16/2025 11:13:28 PM,suris,DWG To PDF.pc3,ISO A4 (210.00 x 297.00 MM),1:1.05671,
C:\Users\suris\OneDrive\Documents\Drawing14.dwg,Model,4/16/2025 11:14:32 PM,suris,DWG To PDF.pc3,ISO A4 (210.00 x 297.00 MM),1:1.20355,
C:\Users\suris\OneDrive\Documents\Drawing14.dwg,Model,4/16/2025 11:15:10 PM,suris,DWG To PDF.pc3,ISO A4 (210.00 x 297.00 MM),1:1.32871,
C:\Users\suris\OneDrive\Documents\Drawing14.dwg,Model,4/16/2025 11:16:21 PM,suris,DWG To PDF.pc3,ISO A4 (210.00 x 297.00 MM),1:1.34556,
C:\Users\suris\OneDrive\Documents\Drawing14.dwg,Model,4/16/2025 11:18:23 PM,suris,DWG To PDF.pc3,ISO A4 (210.00 x 297.00 MM),1:1.3239,
C:\Users\suris\OneDrive\Documents\Drawing14.dwg,Model,4/20/2025 10:38:52 PM,suris,DWG To PDF.pc3,ISO A4 (210.00 x 297.00 MM),1:1.20031,
C:\Users\suris\OneDrive\Documents\Drawing14.dwg,Model,4/20/2025 10:46:54 PM,suris,DWG To PDF.pc3,ISO A4 (210.00 x 297.00 MM),1:1.05981,
C:\Users\suris\OneDrive\Documents\Drawing14.dwg,Model,4/20/2025 10:50:19 PM,suris,DWG To PDF.pc3,ISO A4 (210.00 x 297.00 MM),1:1.25877,
C:\Users\suris\OneDrive\Documents\Drawing14.dwg,Model,4/20/2025 10:52:38 PM,suris,DWG To PDF.pc3,ISO A4 (210.00 x 297.00 MM),1:1.31024,
C:\Users\suris\OneDrive\Documents\Drawing14.dwg,Model,4/20/2025 10:55:36 PM,suris,DWG To PDF.pc3,ISO A4 (210.00 x 297.00 MM),1:1.30491,
C:\Users\suris\OneDrive\Documents\Drawing14.dwg,Model,4/20/2025 10:57:17 PM,suris,DWG To PDF.pc3,ISO A4 (210.00 x 297.00 MM),1:1.3016,
C:\Users\suris\OneDrive\Documents\Drawing14.dwg,Model,4/20/2025 11:00:45 PM,suris,DWG To PDF.pc3,ISO A4 (210.00 x 297.00 MM),1:0.810604,
C:\Users\suris\OneDrive\Documents\Drawing14.dwg,Model,4/20/2025 11:03:34 PM,suris,DWG To PDF.pc3,ISO A4 (210.00 x 297.00 MM),1:1.23434,
C:\Users\suris\OneDrive\Documents\Drawing14.dwg,Model,4/20/2025 11:06:49 PM,suris,DWG To PDF.pc3,ISO A4 (210.00 x 297.00 MM),1:1.51522,
C:\Users\suris\OneDrive\Documents\Drawing14.dwg,Model,4/20/2025 11:08:00 PM,suris,DWG To PDF.pc3,ISO A4 (210.00 x 297.00 MM),1:1.51522,
C:\Users\suris\OneDrive\Documents\Drawing14.dwg,Model,4/20/2025 11:10:57 PM,suris,DWG To PDF.pc3,ISO A4 (210.00 x 297.00 MM),1:1.24072,
C:\Users\suris\OneDrive\Documents\Drawing14.dwg,Model,4/20/2025 11:11:57 PM,suris,DWG To PDF.pc3,ISO A4 (210.00 x 297.00 MM),1:1.28977,
C:\Users\suris\OneDrive\Documents\Drawing14.dwg,Model,4/20/2025 11:13:52 PM,suris,DWG To PDF.pc3,ISO A4 (210.00 x 297.00 MM),1:1.33882,
C:\Users\suris\OneDrive\Documents\Drawing16.dwg,Model,6/26/2025 9:23:46 PM,suris,DWG To PDF.pc3,ISO A4 (210.00 x 297.00 MM),1:3.74226,
C:\Users\suris\OneDrive\Documents\Drawing16.dwg,Model,6/26/2025 9:25:24 PM,suris,DWG To PDF.pc3,ISO A4 (210.00 x 297.00 MM),1:3.68877,
C:\Users\suris\OneDrive\Documents\Drawing16.dwg,Model,6/26/2025 9:27:29 PM,suris,DWG To PDF.pc3,ISO A4 (210.00 x 297.00 MM),1:3.46727,
C:\Users\suris\OneDrive\Documents\Drawing16.dwg,Model,6/26/2025 9:30:28 PM,suris,DWG To PDF.pc3,ISO A4 (210.00 x 297.00 MM),1:2.71576,
C:\Users\suris\OneDrive\Documents\Drawing16.dwg,Model,6/26/2025 9:36:30 PM,suris,DWG To PDF.pc3,ISO A4 (210.00 x 297.00 MM),1:2.41649,
C:\Users\suris\OneDrive\Documents\Drawing16.dwg,Model,6/26/2025 9:39:11 PM,suris,DWG To PDF.pc3,ISO A4 (210.00 x 297.00 MM),1:3.43853,
C:\Users\suris\OneDrive\Documents\Drawing3.dwg,Model,6/26/2025 9:52:44 PM,suris,DWG To PDF.pc3,ISO A4 (210.00 x 297.00 MM),1:2.11179,
C:\Users\suris\OneDrive\Documents\Drawing19.dwg,Model,6/26/2025 10:02:54 PM,suris,DWG To PDF.pc3,ISO A4 (210.00 x 297.00 MM),1:1.79827,
C:\Users\suris\OneDrive\Documents\Drawing19.dwg,Model,6/26/2025 10:05:19 PM,suris,DWG To PDF.pc3,ISO A4 (210.00 x 297.00 MM),1:1.80358,
C:\Users\suris\OneDrive\Documents\Drawing19.dwg,Model,6/26/2025 10:11:35 PM,suris,DWG To PDF.pc3,ISO A4 (210.00 x 297.00 MM),1:1.88219,
C:\Users\suris\OneDrive\Documents\Drawing19.dwg,Model,6/26/2025 10:24:34 PM,suris,DWG To PDF.pc3,ISO A4 (210.00 x 297.00 MM),1:1.96316,
C:\Users\suris\OneDrive\Documents\Drawing19.dwg,Model,6/26/2025 10:27:02 PM,suris,DWG To PDF.pc3,ISO A4 (210.00 x 297.00 MM),1:2.02147,
C:\Users\suris\OneDrive\Documents\Drawing19.dwg,Model,6/26/2025 10:32:30 PM,suris,DWG To PDF.pc3,ISO A4 (210.00 x 297.00 MM),1:2.07792,
C:\Users\suris\OneDrive\Documents\Drawing19.dwg,Model,6/26/2025 10:35:10 PM,suris,DWG To PDF.pc3,ISO A4 (210.00 x 297.00 MM),1:2.07743,
C:\Users\suris\AppData\Local\Microsoft\Windows\INetCache\IE\AOYC0AND\sheet@7c[1].dwg,Model,6/26/2025 10:44:48 PM,suris,DWG To PDF.pc3,ISO full bleed A4 (210.00 x 297.00 MM),1:1.56443,
C:\Users\suris\AppData\Local\Microsoft\Windows\INetCache\IE\AOYC0AND\sheet@7c[1].dwg,Model,6/26/2025 10:50:27 PM,suris,DWG To PDF.pc3,ISO A4 (210.00 x 297.00 MM),1:1.76072,
C:\Users\suris\AppData\Local\Microsoft\Windows\INetCache\IE\AOYC0AND\sheet@7c[1].dwg,Model,6/26/2025 10:53:44 PM,suris,DWG To PDF.pc3,ISO A4 (210.00 x 297.00 MM),1:1.77603,
C:\Users\suris\AppData\Local\Microsoft\Windows\INetCache\IE\AOYC0AND\sheet@7c[1].dwg,Model,6/26/2025 10:56:27 PM,suris,DWG To PDF.pc3,ISO A4 (210.00 x 297.00 MM),1:2.11704,
C:\Users\suris\AppData\Local\Microsoft\Windows\INetCache\IE\AOYC0AND\sheet@7c[1].dwg,Model,6/26/2025 10:58:52 PM,suris,DWG To PDF.pc3,ISO A4 (210.00 x 297.00 MM),1:1.73469,
C:\Users\suris\AppData\Local\Microsoft\Windows\INetCache\IE\AOYC0AND\sheet@7c[1].dwg,Model,6/26/2025 11:10:01 PM,suris,DWG To PDF.pc3,ISO A4 (210.00 x 297.00 MM),1:2.14435,
C:\Users\suris\AppData\Local\Microsoft\Windows\INetCache\IE\AOYC0AND\sheet@7c[1].dwg,Model,6/26/2025 11:15:13 PM,suris,DWG To PDF.pc3,ISO A4 (210.00 x 297.00 MM),1:1.76582,
C:\Users\suris\AppData\Local\Microsoft\Windows\INetCache\IE\UTW2DR47\Sheet-6A[1].dwg,Model,6/26/2025 11:19:08 PM,suris,DWG To PDF.pc3,ISO A4 (210.00 x 297.00 MM),1:0.855101,
C:\Users\suris\AppData\Local\Microsoft\Windows\INetCache\IE\UTW2DR47\Sheet-6A[1].dwg,Model,6/26/2025 11:22:01 PM,suris,DWG To PDF.pc3,ISO A4 (210.00 x 297.00 MM),1:0.832576,
C:\Users\suris\AppData\Local\Microsoft\Windows\INetCache\IE\UTW2DR47\Sheet-6A[1].dwg,Model,6/26/2025 11:23:05 PM,suris,DWG To PDF.pc3,ISO A4 (210.00 x 297.00 MM),1:0.862013,
C:\Users\suris\AppData\Local\Microsoft\Windows\INetCache\IE\UTW2DR47\Sheet-6A[1].dwg,Model,6/26/2025 11:24:05 PM,suris,DWG To PDF.pc3,ISO A4 (210.00 x 297.00 MM),1:0.997379,
C:\Users\suris\AppData\Local\Microsoft\Windows\INetCache\IE\UTW2DR47\Sheet-6A[1].dwg,Model,6/26/2025 11:25:26 PM,suris,DWG To PDF.pc3,ISO A4 (210.00 x 297.00 MM),1:1.0402,
C:\Users\suris\AppData\Local\Microsoft\Windows\INetCache\IE\UTW2DR47\Sheet-6A[1].dwg,Model,6/26/2025 11:30:37 PM,suris,DWG To PDF.pc3,ISO A4 (210.00 x 297.00 MM),1:0.971894,
C:\Users\suris\AppData\Local\Microsoft\Windows\INetCache\IE\UTW2DR47\Sheet-6A[1].dwg,Model,6/26/2025 11:37:15 PM,suris,DWG To PDF.pc3,ISO A4 (210.00 x 297.00 MM),1:0.917881,
C:\Users\suris\AppData\Local\Microsoft\Windows\INetCache\IE\ALWT8V43\Sheet-6B[1].dwg,Model,6/26/2025 11:42:17 PM,suris,DWG To PDF.pc3,ISO A4 (210.00 x 297.00 MM),1:1.49192,
C:\Users\suris\AppData\Local\Microsoft\Windows\INetCache\IE\ALWT8V43\Sheet-6B[1].dwg,Model,6/26/2025 11:43:39 PM,suris,DWG To PDF.pc3,ISO A4 (210.00 x 297.00 MM),1:1.00439,
C:\Users\suris\AppData\Local\Microsoft\Windows\INetCache\IE\ALWT8V43\Sheet-6B[1].dwg,Model,6/26/2025 11:46:06 PM,suris,DWG To PDF.pc3,ISO A4 (210.00 x 297.00 MM),1:0.994879,
C:\Users\suris\AppData\Local\Microsoft\Windows\INetCache\IE\ALWT8V43\Sheet-6B[1].dwg,Model,6/26/2025 11:52:40 PM,suris,DWG To PDF.pc3,ISO A4 (210.00 x 297.00 MM),1:1.06059,
C:\Users\suris\AppData\Local\Microsoft\Windows\INetCache\IE\ALWT8V43\Sheet-6B[1].dwg,Model,6/26/2025 11:54:11 PM,suris,DWG To PDF.pc3,ISO A4 (210.00 x 297.00 MM),1:0.994737,
C:\Users\suris\OneDrive\Documents\Section_Solid_A.dwg,Model,7/9/2025 3:43:38 PM,suris,DWG To PDF.pc3,ISO A4 (210.00 x 297.00 MM),1:1.85226,
C:\Users\suris\OneDrive\Documents\Section_Solid_A.dwg,Model,7/9/2025 3:47:22 PM,suris,DWG To PDF.pc3,ISO A4 (210.00 x 297.00 MM),1:1.84393,
C:\Users\suris\OneDrive\Documents\Section_Solid_A.dwg,Model,7/9/2025 3:48:38 PM,suris,DWG To PDF.pc3,ISO A4 (210.00 x 297.00 MM),1:1.88007,
C:\Users\suris\OneDrive\Documents\Section_Solid_A.dwg,Model,7/9/2025 3:50:09 PM,suris,DWG To PDF.pc3,ISO A4 (210.00 x 297.00 MM),1:1.86784,
C:\Users\suris\OneDrive\Documents\Section_Solid_A.dwg,Model,7/9/2025 3:50:49 PM,suris,DWG To PDF.pc3,ISO A4 (210.00 x 297.00 MM),1:1.84339,
C:\Users\suris\OneDrive\Documents\Section_Solid_A.dwg,Model,7/9/2025 3:53:19 PM,suris,DWG To PDF.pc3,ISO A4 (210.00 x 297.00 MM),1:1.8923,
C:\Users\suris\OneDrive\Documents\sections_of_solids_B.dwg,Model,7/9/2025 4:05:37 PM,suris,DWG To PDF.pc3,ISO A4 (210.00 x 297.00 MM),1:4.04631,
C:\Users\suris\OneDrive\Documents\sections_of_solids_B.dwg,Model,7/9/2025 4:07:34 PM,suris,DWG To PDF.pc3,ISO A4 (210.00 x 297.00 MM),1:2.81263,
C:\Users\suris\OneDrive\Documents\sections_of_solids_B.dwg,Model,7/9/2025 4:10:03 PM,suris,DWG To PDF.pc3,ISO A4 (210.00 x 297.00 MM),1:2.06758,
C:\Users\suris\OneDrive\Documents\sections_of_solids_B.dwg,Model,7/9/2025 4:29:27 PM,suris,DWG To PDF.pc3,ISO A4 (210.00 x 297.00 MM),1:2.1397,
C:\Users\suris\OneDrive\Documents\sections_of_solids_B.dwg,Model,7/9/2025 4:30:20 PM,suris,DWG To PDF.pc3,ISO A4 (210.00 x 297.00 MM),1:2.05862,
C:\Users\suris\OneDrive\Documents\sections_of_solids_B.dwg,Model,7/9/2025 4:31:44 PM,suris,DWG To PDF.pc3,ISO A4 (210.00 x 297.00 MM),1:1.96353,
C:\Users\suris\OneDrive\Documents\sections_of_solids_B.dwg,Model,7/9/2025 4:43:03 PM,suris,DWG To PDF.pc3,ISO A4 (210.00 x 297.00 MM),1:2.85156,
C:\Users\suris\OneDrive\Documents\Development.dwg,Model,7/9/2025 5:31:30 PM,suris,DWG To PDF.pc3,ISO A4 (210.00 x 297.00 MM),1:3.11728,
C:\Users\suris\OneDrive\Documents\Development.dwg,Model,7/9/2025 5:34:04 PM,suris,DWG To PDF.pc3,ISO A4 (210.00 x 297.00 MM),1:1.68371,
C:\Users\suris\OneDrive\Documents\Development.dwg,Model,7/9/2025 5:37:14 PM,suris,DWG To PDF.pc3,ISO A4 (210.00 x 297.00 MM),1:1.50428,
C:\Users\suris\OneDrive\Documents\Development.dwg,Model,7/9/2025 5:45:46 PM,suris,DWG To PDF.pc3,ISO A4 (210.00 x 297.00 MM),1:2.54435,
C:\Users\suris\OneDrive\Documents\Development.dwg,Model,7/9/2025 5:48:00 PM,suris,DWG To PDF.pc3,ISO A4 (210.00 x 297.00 MM),1:1.65969,
C:\Users\suris\OneDrive\Documents\Development.dwg,Model,7/9/2025 5:50:57 PM,suris,DWG To PDF.pc3,ISO A4 (210.00 x 297.00 MM),1:1.58218,
C:\Users\suris\OneDrive\Documents\Development.dwg,Model,7/9/2025 5:58:46 PM,suris,DWG To PDF.pc3,ISO A4 (210.00 x 297.00 MM),1:1.69296,
C:\Users\suris\OneDrive\Documents\Development.dwg,Model,7/9/2025 6:06:20 PM,suris,DWG To PDF.pc3,ISO A4 (210.00 x 297.00 MM),1:1.80842,
C:\Users\suris\OneDrive\Documents\Development.dwg,Model,7/9/2025 6:10:08 PM,suris,DWG To PDF.pc3,ISO A4 (210.00 x 297.00 MM),1:2.33202,
C:\Users\suris\OneDrive\Documents\Development.dwg,Model,7/9/2025 6:17:16 PM,suris,DWG To PDF.pc3,ISO A4 (210.00 x 297.00 MM),1:1.5262,
C:\Users\suris\OneDrive\Documents\Development.dwg,Model,7/9/2025 6:28:13 PM,suris,DWG To PDF.pc3,ISO A4 (210.00 x 297.00 MM),1:1.24694,
C:\Users\suris\OneDrive\Documents\Development.dwg,Model,7/9/2025 6:36:27 PM,suris,DWG To PDF.pc3,ISO A4 (210.00 x 297.00 MM),1:1.76414,
C:\Users\suris\OneDrive\Documents\Development.dwg,Model,7/9/2025 6:37:51 PM,suris,DWG To PDF.pc3,ISO A4 (210.00 x 297.00 MM),1:1.4158,
C:\Users\suris\OneDrive\Documents\Development.dwg,Model,7/9/2025 6:40:23 PM,suris,DWG To PDF.pc3,ISO A4 (210.00 x 297.00 MM),1:1.32406,
C:\Users\suris\OneDrive\Documents\Development.dwg,Model,7/9/2025 6:45:20 PM,suris,DWG To PDF.pc3,ISO A4 (210.00 x 297.00 MM),1:1.38766,
C:\Users\suris\OneDrive\Documents\Development.dwg,Model,7/9/2025 6:48:41 PM,suris,DWG To PDF.pc3,ISO A4 (210.00 x 297.00 MM),1:1.38266,
C:\Users\suris\OneDrive\Documents\Development.dwg,Model,7/9/2025 6:59:53 PM,suris,DWG To PDF.pc3,ISO A4 (210.00 x 297.00 MM),1:1.34579,
C:\Users\suris\OneDrive\Documents\Sheet10.dwg,Model,7/9/2025 7:16:46 PM,suris,DWG To PDF.pc3,ISO A4 (210.00 x 297.00 MM),1:1.7967,
C:\Users\suris\OneDrive\Documents\Sheet10.dwg,Model,7/9/2025 7:18:54 PM,suris,DWG To PDF.pc3,ISO A4 (210.00 x 297.00 MM),1:2.29889,
C:\Users\suris\OneDrive\Documents\Sheet10.dwg,Model,7/9/2025 7:23:34 PM,suris,DWG To PDF.pc3,ISO A4 (210.00 x 297.00 MM),1:1.80258,
C:\Users\suris\OneDrive\Documents\Sheet10.dwg,Model,7/9/2025 7:30:58 PM,suris,DWG To PDF.pc3,ISO A4 (210.00 x 297.00 MM),1:2.21163,
C:\Users\suris\OneDrive\Documents\Sheet10.dwg,Model,7/9/2025 7:36:02 PM,suris,DWG To PDF.pc3,ISO A4 (210.00 x 297.00 MM),1:1.80612,
C:\Users\suris\OneDrive\Documents\Sheet10.dwg,Model,7/9/2025 7:42:45 PM,suris,DWG To PDF.pc3,ISO A4 (210.00 x 297.00 MM),1:2.67956,
C:\Users\suris\OneDrive\Documents\Sheet10.dwg,Model,7/9/2025 7:47:15 PM,suris,DWG To PDF.pc3,ISO A4 (210.00 x 297.00 MM),1:2.33424,
C:\Users\suris\OneDrive\Documents\Sheet10.dwg,Model,7/9/2025 8:04:09 PM,suris,DWG To PDF.pc3,ISO A4 (210.00 x 297.00 MM),1:2.13346,
C:\Users\suris\OneDrive\Documents\Sheet10.dwg,Model,7/9/2025 8:05:27 PM,suris,DWG To PDF.pc3,ISO A4 (210.00 x 297.00 MM),1:1.9482,
C:\Users\suris\OneDrive\Documents\Sheet10.dwg,Model,7/9/2025 8:06:47 PM,suris,DWG To PDF.pc3,ISO A4 (210.00 x 297.00 MM),1:1.11982,
C:\Users\suris\OneDrive\Documents\Sheet10.dwg,Model,7/9/2025 8:08:48 PM,suris,DWG To PDF.pc3,ISO A4 (210.00 x 297.00 MM),1:1.99225,
C:\Users\suris\OneDrive\Documents\Sheet10.dwg,Model,7/9/2025 8:12:01 PM,suris,DWG To PDF.pc3,ISO A4 (210.00 x 297.00 MM),1:1.78128,
C:\Users\suris\OneDrive\Documents\Sheet10.dwg,Model,7/9/2025 8:12:50 PM,suris,DWG To PDF.pc3,ISO A4 (210.00 x 297.00 MM),1:1.78531,
C:\Users\suris\OneDrive\Documents\Sheet10.dwg,Model,7/9/2025 8:15:24 PM,suris,DWG To PDF.pc3,ISO A4 (210.00 x 297.00 MM),1:1.88915,
C:\Users\suris\OneDrive\Documents\Sheet10.dwg,Model,7/9/2025 8:17:02 PM,suris,DWG To PDF.pc3,ISO A4 (210.00 x 297.00 MM),1:2.00824,
C:\Users\suris\OneDrive\Documents\sheet11.dwg,Model,7/9/2025 8:35:35 PM,suris,DWG To PDF.pc3,ISO A4 (210.00 x 297.00 MM),1:1.34943,
C:\Users\suris\OneDrive\Documents\sheet11.dwg,Model,7/9/2025 8:37:04 PM,suris,DWG To PDF.pc3,ISO full bleed A4 (210.00 x 297.00 MM),1:1.46602,
C:\Users\suris\OneDrive\Documents\sheet11.dwg,Model,7/9/2025 8:37:47 PM,suris,DWG To PDF.pc3,ISO full bleed A4 (210.00 x 297.00 MM),1:1.74285,
C:\Users\suris\OneDrive\Documents\sheet11.dwg,Model,7/9/2025 8:38:21 PM,suris,DWG To PDF.pc3,ISO full bleed A4 (210.00 x 297.00 MM),1:1.67765,
C:\Users\suris\OneDrive\Documents\sheet11.dwg,Model,7/9/2025 8:38:46 PM,suris,DWG To PDF.pc3,ISO full bleed A4 (210.00 x 297.00 MM),1:1.8234,
C:\Users\suris\OneDrive\Documents\sheet11.dwg,Model,7/9/2025 8:43:29 PM,suris,DWG To PDF.pc3,ISO full bleed A4 (210.00 x 297.00 MM),1:1.63772,
C:\Users\suris\OneDrive\Documents\sheet11.dwg,Model,7/9/2025 8:48:34 PM,suris,DWG To PDF.pc3,ISO full bleed A4 (210.00 x 297.00 MM),1:1.5978,
C:\Users\suris\OneDrive\Documents\sheet11.dwg,Model,7/9/2025 8:54:35 PM,suris,DWG To PDF.pc3,ISO full bleed A4 (210.00 x 297.00 MM),1:1.82449,
C:\Users\suris\OneDrive\Documents\sheet11.dwg,Model,7/9/2025 8:59:59 PM,suris,DWG To PDF.pc3,ISO full bleed A4 (210.00 x 297.00 MM),1:1.57303,
C:\Users\suris\OneDrive\Documents\sheet11.dwg,Model,7/9/2025 9:02:19 PM,suris,DWG To PDF.pc3,ISO full bleed A4 (210.00 x 297.00 MM),1:1.22673,
C:\Users\suris\OneDrive\Documents\sheet11.dwg,Model,7/9/2025 9:03:28 PM,suris,DWG To PDF.pc3,ISO full bleed A4 (210.00 x 297.00 MM),1:1.76831,
C:\Users\suris\OneDrive\Documents\sheet11.dwg,Model,7/9/2025 9:16:19 PM,suris,DWG To PDF.pc3,ISO full bleed A4 (210.00 x 297.00 MM),1:1.97857,
